2024-12-15 09:38:44,885 [INFO] 데이터베이스가 성공적으로 초기화되었습니다.
2024-12-15 09:38:44,885 [INFO] 일일 크롤링 시작: 2024-12-15 09:38:44.885452
2024-12-15 09:38:44,885 [INFO] 앱 실행 중. 백그라운드에서 크롤링 진행 중...
2024-12-15 09:38:44,885 [INFO] 1 페이지 크롤링 중...
2024-12-15 09:38:46,968 [INFO] 2 페이지 크롤링 중...
2024-12-15 09:38:49,023 [INFO] 3 페이지 크롤링 중...
2024-12-15 09:38:51,077 [INFO] 총 106개의 채용 공고를 크롤링했습니다.
2024-12-15 09:38:51,130 [INFO] 100개의 데이터를 데이터베이스에 저장했습니다.
2024-12-15 09:38:51,131 [INFO] 100개의 데이터를 saramin_python.csv 파일에 저장했습니다.
2024-12-15 09:38:51,131 [INFO] 크롤링 완료. 다음 크롤링은 24시간 후.
2024-12-15 13:09:57,519 [INFO] 데이터베이스가 성공적으로 초기화되었습니다.
2024-12-15 13:09:57,520 [INFO] 일일 크롤링 시작: 2024-12-15 13:09:57.520672
2024-12-15 13:09:57,520 [INFO] 앱 실행 중. 백그라운드에서 크롤링 진행 중...
2024-12-15 13:09:57,520 [INFO] 1 페이지 크롤링 중...
2024-12-15 13:09:59,558 [INFO] 2 페이지 크롤링 중...
2024-12-15 13:10:01,574 [INFO] 3 페이지 크롤링 중...
2024-12-15 13:10:03,594 [INFO] 총 106개의 채용 공고를 크롤링했습니다.
2024-12-15 13:10:03,598 [ERROR] 데이터베이스 저장 중 에러 발생: (1364, "Field 'link' doesn't have a default value")
2024-12-15 13:10:03,599 [INFO] 100개의 데이터를 saramin_python.csv 파일에 저장했습니다.
2024-12-15 13:10:03,599 [INFO] 크롤링 완료. 다음 크롤링은 24시간 후.
2024-12-15 13:42:19,381 [INFO] 데이터베이스가 성공적으로 초기화되었습니다.
2024-12-15 13:42:19,382 [INFO] 일일 크롤링 시작: 2024-12-15 13:42:19.382630
2024-12-15 13:42:19,382 [INFO] 앱 실행 중. 백그라운드에서 크롤링 진행 중...
2024-12-15 13:42:19,382 [INFO] 1 페이지 크롤링 중...
2024-12-15 13:42:21,429 [INFO] 2 페이지 크롤링 중...
2024-12-15 13:42:23,480 [INFO] 3 페이지 크롤링 중...
2024-12-15 13:42:25,631 [INFO] 총 106개의 채용 공고를 크롤링했습니다.
2024-12-15 13:42:25,634 [ERROR] 데이터베이스 저장 중 에러 발생: (1292, "Incorrect date value: '~ 12/31(화)' for column 'deadline' at row 1")
2024-12-15 13:42:25,635 [INFO] 100개의 데이터를 saramin_python.csv 파일에 저장했습니다.
2024-12-15 13:42:25,635 [INFO] 크롤링 완료. 다음 크롤링은 24시간 후.
2024-12-15 13:50:15,501 [INFO] 데이터베이스가 성공적으로 초기화되었습니다.
2024-12-15 13:50:15,502 [INFO] 일일 크롤링 시작: 2024-12-15 13:50:15.502392
2024-12-15 13:50:15,502 [INFO] 앱 실행 중...
2024-12-15 13:50:15,502 [INFO] 1 페이지 크롤링 중...
2024-12-15 13:50:35,412 [INFO] 데이터베이스가 성공적으로 초기화되었습니다.
2024-12-15 13:50:35,412 [INFO] 일일 크롤링 시작: 2024-12-15 13:50:35.412444
2024-12-15 13:50:35,412 [INFO] 앱 실행 중...
2024-12-15 13:50:35,412 [INFO] 1 페이지 크롤링 중...
2024-12-15 13:50:40,154 [INFO] 2 페이지 크롤링 중...
2024-12-15 13:50:45,990 [INFO] 3 페이지 크롤링 중...
2024-12-15 13:50:51,979 [INFO] 4 페이지 크롤링 중...
2024-12-15 13:50:56,265 [INFO] 총 110개의 채용 공고를 크롤링했습니다.
2024-12-15 13:50:56,306 [INFO] 100개의 데이터를 데이터베이스에 저장했습니다.
2024-12-15 13:50:56,307 [INFO] 100개의 데이터를 saramin_python.csv 파일에 저장했습니다.
2024-12-15 13:50:56,308 [INFO] 크롤링 완료. 다음 크롤링은 24시간 후.
2024-12-15 15:38:28,900 [INFO] 데이터베이스가 성공적으로 초기화되었습니다.
2024-12-15 15:38:28,901 [INFO] 일일 크롤링 시작: 2024-12-15 15:38:28.901610
2024-12-15 15:38:28,901 [INFO] 앱 실행 중...
2024-12-15 15:38:28,902 [INFO] 1 페이지 크롤링 중...
2024-12-15 15:38:32,151 [INFO] 2 페이지 크롤링 중...
2024-12-15 15:38:37,919 [INFO] 3 페이지 크롤링 중...
2024-12-15 15:38:41,971 [INFO] 4 페이지 크롤링 중...
2024-12-15 15:38:47,560 [INFO] 5 페이지 크롤링 중...
2024-12-15 15:38:52,455 [INFO] 총 107개의 채용 공고를 크롤링했습니다.
2024-12-15 15:38:52,510 [INFO] 100개의 데이터를 데이터베이스에 저장했습니다.
2024-12-15 15:38:52,511 [INFO] 100개의 데이터를 saramin_python.csv 파일에 저장했습니다.
2024-12-15 15:38:52,512 [INFO] 크롤링 완료. 다음 크롤링은 24시간 후.
